<?xml version="1.0" encoding="UTF-8"?>
<!-- Generated by org.testng.reporters.JUnitReportReporter -->
<testsuite hostname="LAPTOP-IE8A57BV" failures="0" tests="3" name="usingexcel.login_jxl" time="39.193" errors="0" timestamp="2022-08-13T15:35:52 IST" skipped="0">
  <testcase classname="usingexcel.login_jxl" name="login" time="10.597"/>
  <system-out/>
  <testcase classname="usingexcel.login_jxl" name="login" time="9.665"/>
  <system-out/>
  <testcase classname="usingexcel.login_jxl" name="login" time="18.931"/>
  <system-out/>
</testsuite> <!-- usingexcel.login_jxl -->
