<?xml version="1.0" encoding="UTF-8"?>
<!-- Generated by org.testng.reporters.JUnitReportReporter -->
<testsuite hostname="LAPTOP-IE8A57BV" failures="0" tests="4" name="dataprovider.dataprovider_testng" time="53.301" errors="0" timestamp="2022-08-13T08:14:57 IST" skipped="0">
  <testcase classname="dataprovider.dataprovider_testng" name="Login" time="12.008"/>
  <system-out/>
  <testcase classname="dataprovider.dataprovider_testng" name="Login" time="14.625"/>
  <system-out/>
  <testcase classname="dataprovider.dataprovider_testng" name="Login" time="15.468"/>
  <system-out/>
  <testcase classname="dataprovider.dataprovider_testng" name="Login" time="11.200"/>
  <system-out/>
</testsuite> <!-- dataprovider.dataprovider_testng -->
