<?xml version="1.0" encoding="UTF-8"?>
<!-- Generated by org.testng.reporters.JUnitReportReporter -->
<testsuite hostname="LAPTOP-IE8A57BV" failures="0" tests="3" name="dataprovider.ladp" time="33.862" errors="0" timestamp="2022-08-13T08:26:40 IST" skipped="0">
  <testcase classname="dataprovider.ladp" name="login" time="9.445"/>
  <system-out/>
  <testcase classname="dataprovider.ladp" name="login" time="11.066"/>
  <system-out/>
  <testcase classname="dataprovider.ladp" name="login" time="13.351"/>
  <system-out/>
</testsuite> <!-- dataprovider.ladp -->
