<?xml version="1.0" encoding="UTF-8"?>
<!-- Generated by org.testng.reporters.JUnitReportReporter -->
<testsuite hostname="LAPTOP-IE8A57BV" failures="0" tests="2" name="logintestcase.invalid" time="37.032" errors="0" timestamp="2022-08-12T08:37:57 IST" skipped="0">
  <testcase classname="logintestcase.invalid" name="invalidlogin" time="16.736"/>
  <system-out/>
  <testcase classname="logintestcase.invalid" name="invalidlogin" time="20.296"/>
  <system-out/>
</testsuite> <!-- logintestcase.invalid -->
