<?xml version="1.0" encoding="UTF-8"?>
<!-- Generated by org.testng.reporters.JUnitReportReporter -->
<testsuite hostname="LAPTOP-IE8A57BV" failures="0" tests="1" name="logintestcase.validlogin" time="17.004" errors="0" timestamp="2022-08-12T08:22:20 IST" skipped="0">
  <testcase classname="logintestcase.validlogin" name="login" time="17.004"/>
  <system-out/>
</testsuite> <!-- logintestcase.validlogin -->
